# JRE version: OpenJDK Runtime Environment (8.0_131-b11) (build 1.8.0_131-8u131-b11-0ubuntu1.16.04.2-b11)
# Java VM: OpenJDK 64-Bit Server VM (25.131-b11 mixed mode linux-amd64 compressed oops)
Heap:
 PSYoungGen      total 22016K, used 2234K [0x00000000f8000000, 0x00000000fab00000, 0x0000000100000000)
  eden space 20480K, 3% used [0x00000000f8000000,0x00000000f80b4948,0x00000000f9400000)
  from space 1536K, 98% used [0x00000000f9400000,0x00000000f957a080,0x00000000f9580000)
  to   space 1536K, 0% used [0x00000000fa980000,0x00000000fa980000,0x00000000fab00000)
 ParOldGen       total 27648K, used 9250K [0x00000000e8000000, 0x00000000e9b00000, 0x00000000f8000000)
  object space 27648K, 33% used [0x00000000e8000000,0x00000000e89089f0,0x00000000e9b00000)
 Metaspace       used 14534K, capacity 15996K, committed 16256K, reserved 1062912K
  class space    used 1483K, capacity 1876K, committed 1920K, reserved 1048576K
GC Heap History (6 events):
Event: 3.893 GC heap before
{Heap before GC invocations=1 (full 0):
 PSYoungGen      total 11776K, used 10240K [0x00000000f8000000, 0x00000000f8d00000, 0x0000000100000000)
  eden space 10240K, 100% used [0x00000000f8000000,0x00000000f8a00000,0x00000000f8a00000)
  from space 1536K, 0% used [0x00000000f8b80000,0x00000000f8b80000,0x00000000f8d00000)
  to   space 1536K, 0% used [0x00000000f8a00000,0x00000000f8a00000,0x00000000f8b80000)
 ParOldGen       total 27648K, used 0K [0x00000000e8000000, 0x00000000e9b00000, 0x00000000f8000000)
  object space 27648K, 0% used [0x00000000e8000000,0x00000000e8000000,0x00000000e9b00000)
 Metaspace       used 6535K, capacity 6782K, committed 6912K, reserved 1056768K
  class space    used 709K, capacity 758K, committed 768K, reserved 1048576K
Event: 3.936 GC heap after
Heap after GC invocations=1 (full 0):
 PSYoungGen      total 11776K, used 1533K [0x00000000f8000000, 0x00000000f9700000, 0x0000000100000000)
  eden space 10240K, 0% used [0x00000000f8000000,0x00000000f8000000,0x00000000f8a00000)
  from space 1536K, 99% used [0x00000000f8a00000,0x00000000f8b7f6e0,0x00000000f8b80000)
  to   space 1536K, 0% used [0x00000000f9580000,0x00000000f9580000,0x00000000f9700000)
 ParOldGen       total 27648K, used 1782K [0x00000000e8000000, 0x00000000e9b00000, 0x00000000f8000000)
  object space 27648K, 6% used [0x00000000e8000000,0x00000000e81bd9e0,0x00000000e9b00000)
 Metaspace       used 6535K, capacity 6782K, committed 6912K, reserved 1056768K
  class space    used 709K, capacity 758K, committed 768K, reserved 1048576K
}
Event: 4.273 GC heap before
{Heap before GC invocations=2 (full 0):
 PSYoungGen      total 11776K, used 11773K [0x00000000f8000000, 0x00000000f9700000, 0x0000000100000000)
  eden space 10240K, 100% used [0x00000000f8000000,0x00000000f8a00000,0x00000000f8a00000)
  from space 1536K, 99% used [0x00000000f8a00000,0x00000000f8b7f6e0,0x00000000f8b80000)
  to   space 1536K, 0% used [0x00000000f9580000,0x00000000f9580000,0x00000000f9700000)
 ParOldGen       total 27648K, used 1782K [0x00000000e8000000, 0x00000000e9b00000, 0x00000000f8000000)
  object space 27648K, 6% used [0x00000000e8000000,0x00000000e81bd9e0,0x00000000e9b00000)
 Metaspace       used 7117K, capacity 7288K, committed 7552K, reserved 1056768K
  class space    used 759K, capacity 796K, committed 896K, reserved 1048576K
Event: 4.297 GC heap after
Heap after GC invocations=2 (full 0):
 PSYoungGen      total 22016K, used 1520K [0x00000000f8000000, 0x00000000f9700000, 0x0000000100000000)
  eden space 20480K, 0% used [0x00000000f8000000,0x00000000f8000000,0x00000000f9400000)
  from space 1536K, 98% used [0x00000000f9580000,0x00000000f96fc010,0x00000000f9700000)
  to   space 1536K, 0% used [0x00000000f9400000,0x00000000f9400000,0x00000000f9580000)
 ParOldGen       total 27648K, used 2714K [0x00000000e8000000, 0x00000000e9b00000, 0x00000000f8000000)
  object space 27648K, 9% used [0x00000000e8000000,0x00000000e82a6860,0x00000000e9b00000)
 Metaspace       used 7117K, capacity 7288K, committed 7552K, reserved 1056768K
  class space    used 759K, capacity 796K, committed 896K, reserved 1048576K
}
Event: 6.764 GC heap before
{Heap before GC invocations=3 (full 0):
 PSYoungGen      total 22016K, used 22000K [0x00000000f8000000, 0x00000000f9700000, 0x0000000100000000)
  eden space 20480K, 100% used [0x00000000f8000000,0x00000000f9400000,0x00000000f9400000)
  from space 1536K, 98% used [0x00000000f9580000,0x00000000f96fc010,0x00000000f9700000)
  to   space 1536K, 0% used [0x00000000f9400000,0x00000000f9400000,0x00000000f9580000)
 ParOldGen       total 27648K, used 2714K [0x00000000e8000000, 0x00000000e9b00000, 0x00000000f8000000)
  object space 27648K, 9% used [0x00000000e8000000,0x00000000e82a6860,0x00000000e9b00000)
 Metaspace       used 14508K, capacity 15932K, committed 16000K, reserved 1062912K
  class space    used 1479K, capacity 1876K, committed 1920K, reserved 1048576K
Event: 6.830 GC heap after
Heap after GC invocations=3 (full 0):
 PSYoungGen      total 22016K, used 1512K [0x00000000f8000000, 0x00000000fab00000, 0x0000000100000000)
  eden space 20480K, 0% used [0x00000000f8000000,0x00000000f8000000,0x00000000f9400000)
  from space 1536K, 98% used [0x00000000f9400000,0x00000000f957a080,0x00000000f9580000)
  to   space 1536K, 0% used [0x00000000fa980000,0x00000000fa980000,0x00000000fab00000)
 ParOldGen       total 27648K, used 9250K [0x00000000e8000000, 0x00000000e9b00000, 0x00000000f8000000)
  object space 27648K, 33% used [0x00000000e8000000,0x00000000e89089f0,0x00000000e9b00000)
 Metaspace       used 14508K, capacity 15932K, committed 16000K, reserved 1062912K
  class space    used 1479K, capacity 1876K, committed 1920K, reserved 1048576K
}

